<?xml version="1.0" encoding="UTF-8"?>
<!-- Generated by org.testng.reporters.JUnitReportReporter -->
<testsuite skipped="0" hostname="DESKTOP-DB5NH1R" name="com.sample.example.DataProviderDiffClass2" tests="3" failures="0" timestamp="03 Sep 2021 07:41:11 GMT" time="24.387" errors="0">
  <testcase name="dataprovidermethodname" time="8.683" classname="com.sample.example.DataProviderDiffClass2"/>
  <testcase name="dataprovidermethodname" time="8.351" classname="com.sample.example.DataProviderDiffClass2"/>
  <testcase name="dataprovidermethodname" time="7.353" classname="com.sample.example.DataProviderDiffClass2"/>
</testsuite> <!-- com.sample.example.DataProviderDiffClass2 -->
