<?xml version="1.0" encoding="UTF-8"?>
<!-- Generated by org.testng.reporters.JUnitReportReporter -->
<testsuite skipped="0" hostname="DESKTOP-DB5NH1R" name="com.sample.example.TestNGDataprovider" tests="2" failures="0" timestamp="03 Sep 2021 07:22:59 GMT" time="69.822" errors="0">
  <testcase name="tc01" time="39.646" classname="com.sample.example.TestNGDataprovider"/>
  <testcase name="tc01" time="30.176" classname="com.sample.example.TestNGDataprovider"/>
</testsuite> <!-- com.sample.example.TestNGDataprovider -->
