<?xml version="1.0" encoding="UTF-8"?>
<!-- Generated by org.testng.reporters.JUnitReportReporter -->
<testsuite skipped="0" hostname="DESKTOP-DB5NH1R" name="com.sample.example.TestNGParametersClass" tests="1" failures="0" timestamp="04 Sep 2021 07:00:19 GMT" time="14.882" errors="0">
  <testcase name="testparameter" time="14.882" classname="com.sample.example.TestNGParametersClass"/>
</testsuite> <!-- com.sample.example.TestNGParametersClass -->
