<?xml version="1.0" encoding="UTF-8"?>
<!-- Generated by org.testng.reporters.JUnitReportReporter -->
<testsuite skipped="0" hostname="DESKTOP-DB5NH1R" name="com.sample.example.Test3" tests="1" failures="0" timestamp="01 Sep 2021 14:52:00 GMT" time="0.016" errors="0">
  <testcase name="f" time="0.016" classname="com.sample.example.Test3"/>
</testsuite> <!-- com.sample.example.Test3 -->
