<?xml version="1.0" encoding="UTF-8"?>
<!-- Generated by org.testng.reporters.JUnitReportReporter -->
<testsuite skipped="0" hostname="DESKTOP-DB5NH1R" name="com.sample.example.TestNGTask" tests="1" failures="0" timestamp="01 Sep 2021 06:41:16 GMT" time="42.288" errors="0">
  <testcase name="entervalue" time="42.288" classname="com.sample.example.TestNGTask"/>
</testsuite> <!-- com.sample.example.TestNGTask -->
